\BOOKMARK [1][-]{section.1}{Domande di Teoria}{}% 1
\BOOKMARK [2][-]{subsection.1.1}{Sistema a tempo discreto equivalente ad un dato sistema a tempo continuo}{section.1}% 2
\BOOKMARK [2][-]{subsection.1.2}{Rappresentazione per sistemi a tempo discreto}{section.1}% 3
\BOOKMARK [2][-]{subsection.1.3}{Definizione punto di equilibrio}{section.1}% 4
\BOOKMARK [2][-]{subsection.1.4}{Definizione formale di stabilit\340 di un punto di equilibrio}{section.1}% 5
\BOOKMARK [2][-]{subsection.1.5}{Definizione, condizioni e criteri di stabilit\340 interna per sistemi lineari:}{section.1}% 6
\BOOKMARK [2][-]{subsection.1.6}{Definizione smorzamento e pulsazione naturale}{section.1}% 7
\BOOKMARK [2][-]{subsection.1.7}{Problema della realizzazione}{section.1}% 8
\BOOKMARK [2][-]{subsection.1.8}{Relazione tra poli di W\(s\) e gli autovalori}{section.1}% 9
\BOOKMARK [2][-]{subsection.1.9}{Scomposizione canonica rispetto alla raggiungibilit\340}{section.1}% 10
\BOOKMARK [2][-]{subsection.1.10}{Definire eccitabilit\340 di un modo naturale e dimostrarne la condizione. Come sono legate l'eccitabilit\340 dei modi naturali con la raggiungibilit\340 del sistema?}{section.1}% 11
\BOOKMARK [2][-]{subsection.1.11}{Legame tra raggiungibilit\340 del sistema e eccitabilit\340 dei modi}{section.1}% 12
\BOOKMARK [2][-]{subsection.1.12}{La risposta a regime permanente: definizione e condizioni di esistenza}{section.1}% 13
\BOOKMARK [2][-]{subsection.1.13}{I modi naturali dei sistemi lineari a tempo continuo: definizione e parametri caratteristici}{section.1}% 14
\BOOKMARK [2][-]{subsection.1.14}{Modi naturali per sistemi a tempo discreto}{section.1}% 15
\BOOKMARK [2][-]{subsection.1.15}{Osservabilit\340 nei sistemi lineari}{section.1}% 16
\BOOKMARK [2][-]{subsection.1.16}{L'osservabilit\340 dei sistemi lineari a tempo discreto: definizione e condizioni}{section.1}% 17
\BOOKMARK [2][-]{subsection.1.17}{Per un sistema tempo discreto dimostrare che l'insieme degli stati inosservabili \350 :}{section.1}% 18
\BOOKMARK [2][-]{subsection.1.18}{Definizione di raggiungibilit\340 di uno stato; caratterizzare l'insieme degli stati raggiungibili per sistemi dinamici lineari stazionari; confrontare il caso tempo continuo e tempo discreto}{section.1}% 19
\BOOKMARK [2][-]{subsection.1.19}{Un sistema dinamico pu\362 esser rappresentato tramite un modello implicito o esplicito. \040\(a\) Illustrare i diversi vantaggi e svantaggi delle due rappresentazioni; \040\(b\) Per sistemi a tempo discreto lineari e stazionari, indicare i passaggi matematici che permettono di passare da una rappresentazione all'altra e viceversa. }{section.1}% 20
\BOOKMARK [2][-]{subsection.1.20}{Dimostrazione passaggio da forma esplicita a implicita}{section.1}% 21
\BOOKMARK [2][-]{subsection.1.21}{Dimostrazione che data un'evoluzione da x\(t0\) a x\(t\), vale la stessa da x\(t1\) con <t0<t1<t}{section.1}% 22
\BOOKMARK [2][-]{subsection.1.22}{Definizione di guadagno e interpretazione fisica}{section.1}% 23
\BOOKMARK [2][-]{subsection.1.23}{Definizione di raggiungibilit\340 ed inosservabilit\340; caratterizzazione e propriet\340 degli insiemi di tali stati}{section.1}% 24
\BOOKMARK [2][-]{subsection.1.24}{Pu\362 un sistema lineare essere caratterizzato da modi naturali aventi la stessa legge di moto?}{section.1}% 25
\BOOKMARK [2][-]{subsection.1.25}{\310 possibile che un sistema abbia funzione di trasferimento uguale a zero? Se si, sotto quali condizioni?}{section.1}% 26
\BOOKMARK [2][-]{subsection.1.26}{Definizione di stabilit\340 esterna e condizioni}{section.1}% 27
\BOOKMARK [2][-]{subsection.1.27}{Dato un sistema a tempo continuo \(A, B, C, D\) con D = 0, \040l'insieme degli autovalori, e e o gli insiemi degli autovalori associati ai modi eccitabili e osservabili. Dimostrare che e o = -3muW\(t\) = 0}{section.1}% 28
\BOOKMARK [2][-]{subsection.1.28}{Il ruolo dell'osservabilit\340 nella ricostruzione del comportamento interno}{section.1}% 29
\BOOKMARK [2][-]{subsection.1.29}{W\(t\), W\(s\) e W\(j\): cosa rappresentano e qual \350 il loro significato fisico.}{section.1}% 30
\BOOKMARK [1][-]{section.2}{Dimostrazioni di risposte a regime permanente}{}% 31
\BOOKMARK [2][-]{subsection.2.1}{Risposta a regime permanente ad ingressi sinusoidali per sistemi a tempo continuo}{section.2}% 32
\BOOKMARK [2][-]{subsection.2.2}{Dimostrare la formula della risposta a regime permanente all'ingresso u\(k\) = sin\(k\) per un sistema a tempo discreto.}{section.2}% 33
\BOOKMARK [2][-]{subsection.2.3}{Si dimostri che, se esiste, la risposta a regime permanente a u\(t\) = -1\(t\)\(ingresso a gradino\) \350 uguale al guadagno del sistema}{section.2}% 34
\BOOKMARK [2][-]{subsection.2.4}{Dimostrare che la funzione di trasferimento W\(s\) non dipende dalla scelta delle coordinate}{section.2}% 35
\BOOKMARK [2][-]{subsection.2.5}{Risposta a regime permanente per sistemi a tempo discreto}{section.2}% 36
